main|0
memfault_trace_event_with_compact_log_capture|168
memset|168
memfault_trace_event_with_compact_log_capture|168
memfault_cbor_encoder_init|192
memset|192
memfault_cbor_encoder_init|192
memfault_trace_event_with_compact_log_capture|168
memfault_vlog_compact_serialize|208
memfault_cbor_encode_array_begin|208
prv_encode_unsigned_integer|224
prv_add_to_result_buffer|248
prv_fill_compact_log_cb|252
memcpy|256
prv_add_to_result_buffer|248
prv_encode_unsigned_integer|224
memfault_vlog_compact_serialize|208
memfault_cbor_encode_unsigned_integer|208
prv_encode_unsigned_integer|224
prv_add_to_result_buffer|248
prv_fill_compact_log_cb|252
memcpy|256
prv_add_to_result_buffer|248
prv_encode_unsigned_integer|224
memfault_vlog_compact_serialize|208
memfault_cbor_encode_signed_integer|208
prv_encode_unsigned_integer|224
prv_add_to_result_buffer|248
prv_fill_compact_log_cb|252
memcpy|256
prv_add_to_result_buffer|248
prv_encode_unsigned_integer|224
memfault_vlog_compact_serialize|208
memfault_trace_event_with_compact_log_capture|168
memfault_cbor_encoder_deinit|176
memset|176
memfault_cbor_encoder_deinit|176
memfault_trace_event_with_compact_log_capture|168
memset|168
memfault_trace_event_with_compact_log_capture|168
prv_capture_trace_event_info|192
memfault_arch_is_inside_isr|192
prv_capture_trace_event_info|192
memfault_trace_event_try_flush_isr_event|200
prv_capture_trace_event_info|192
prv_trace_event_capture|200
memset|200
prv_trace_event_capture|200
memfault_serializer_helper_encode_to_storage|232
prv_event_storage_storage_begin_write|256
memfault_lock|256
prv_event_storage_storage_begin_write|256
memfault_circular_buffer_write|256
prv_write_at_offset_from_end|280
prv_get_space_available|280
prv_write_at_offset_from_end|280
prv_get_space_available|280
prv_write_at_offset_from_end|280
memcpy|288
prv_write_at_offset_from_end|280
prv_event_storage_storage_begin_write|256
memfault_unlock|256
prv_event_storage_storage_begin_write|256
memfault_circular_buffer_get_write_size|256
prv_get_space_available|256
memfault_circular_buffer_get_write_size|256
prv_event_storage_storage_begin_write|256
memfault_serializer_helper_encode_to_storage|232
memfault_cbor_encoder_init|256
memset|256
memfault_cbor_encoder_init|256
memfault_serializer_helper_encode_to_storage|232
prv_encode_cb|280
memfault_serializer_helper_encode_trace_event|304
memfault_serializer_helper_encode_metadata|336
memfault_platform_time_get_current|336
memfault_serializer_helper_encode_metadata|336
memfault_serializer_helper_encode_metadata_with_time|400
prv_get_build_id_start_pointer|400
memfault_build_info_read|400
prv_get_build_id_start_pointer|400
memfault_build_info_read|400
memfault_serializer_helper_encode_metadata_with_time|400
memfault_cbor_encode_dictionary_begin|400
prv_encode_unsigned_integer|416
prv_add_to_result_buffer|440
prv_encoder_write_cb|444
prv_event_storage_storage_append_data|456
memfault_lock|456
prv_event_storage_storage_append_data|456
memfault_circular_buffer_write|456
prv_write_at_offset_from_end|480
prv_get_space_available|480
prv_write_at_offset_from_end|480
prv_get_space_available|480
prv_write_at_offset_from_end|480
memcpy|488
prv_write_at_offset_from_end|480
prv_event_storage_storage_append_data|456
memfault_unlock|456
prv_event_storage_storage_append_data|456
prv_add_to_result_buffer|440
prv_encode_unsigned_integer|416
prv_encode_event_key_uint32_pair|400
memfault_cbor_encode_unsigned_integer|400
prv_encode_unsigned_integer|416
prv_add_to_result_buffer|440
prv_encoder_write_cb|444
prv_event_storage_storage_append_data|456
memfault_lock|456
prv_event_storage_storage_append_data|456
memfault_circular_buffer_write|456
prv_write_at_offset_from_end|480
prv_get_space_available|480
prv_write_at_offset_from_end|480
prv_get_space_available|480
prv_write_at_offset_from_end|480
memcpy|488
prv_write_at_offset_from_end|480
prv_event_storage_storage_append_data|456
memfault_unlock|456
prv_event_storage_storage_append_data|456
prv_add_to_result_buffer|440
prv_encode_unsigned_integer|416
prv_encode_event_key_uint32_pair|400
memfault_cbor_encode_unsigned_integer|400
prv_encode_unsigned_integer|416
prv_add_to_result_buffer|440
prv_encoder_write_cb|444
prv_event_storage_storage_append_data|456
memfault_lock|456
prv_event_storage_storage_append_data|456
memfault_circular_buffer_write|456
prv_write_at_offset_from_end|480
prv_get_space_available|480
prv_write_at_offset_from_end|480
prv_get_space_available|480
prv_write_at_offset_from_end|480
memcpy|488
prv_write_at_offset_from_end|480
prv_event_storage_storage_append_data|456
memfault_unlock|456
prv_event_storage_storage_append_data|456
prv_add_to_result_buffer|440
prv_encode_unsigned_integer|416
memfault_serializer_helper_encode_metadata_with_time|400
memfault_serializer_helper_encode_uint32_kv_pair|416
memfault_cbor_encode_unsigned_integer|416
prv_encode_unsigned_integer|432
prv_add_to_result_buffer|456
prv_encoder_write_cb|460
prv_event_storage_storage_append_data|472
memfault_lock|472
prv_event_storage_storage_append_data|472
memfault_circular_buffer_write|472
prv_write_at_offset_from_end|496
prv_get_space_available|496
prv_write_at_offset_from_end|496
prv_get_space_available|496
prv_write_at_offset_from_end|496
memcpy|504
prv_write_at_offset_from_end|496
prv_event_storage_storage_append_data|472
memfault_unlock|472
prv_event_storage_storage_append_data|472
prv_add_to_result_buffer|456
prv_encode_unsigned_integer|432
memfault_serializer_helper_encode_uint32_kv_pair|416
memfault_cbor_encode_unsigned_integer|416
prv_encode_unsigned_integer|432
prv_add_to_result_buffer|456
prv_encoder_write_cb|460
prv_event_storage_storage_append_data|472
memfault_lock|472
prv_event_storage_storage_append_data|472
memfault_circular_buffer_write|472
prv_write_at_offset_from_end|496
prv_get_space_available|496
prv_write_at_offset_from_end|496
prv_get_space_available|496
prv_write_at_offset_from_end|496
memcpy|504
prv_write_at_offset_from_end|496
prv_event_storage_storage_append_data|472
memfault_unlock|472
prv_event_storage_storage_append_data|472
prv_add_to_result_buffer|456
prv_encode_unsigned_integer|432
memfault_serializer_helper_encode_uint32_kv_pair|416
memfault_serializer_helper_encode_metadata_with_time|400
prv_encode_device_version_info|400
memset|400
prv_encode_device_version_info|400
memfault_platform_get_device_info|408
prv_encode_device_version_info|400
prv_encode_event_key_string_pair|416
memfault_cbor_encode_unsigned_integer|416
prv_encode_unsigned_integer|432
prv_add_to_result_buffer|456
prv_encoder_write_cb|460
prv_event_storage_storage_append_data|472
memfault_lock|472
prv_event_storage_storage_append_data|472
memfault_circular_buffer_write|472
prv_write_at_offset_from_end|496
prv_get_space_available|496
prv_write_at_offset_from_end|496
prv_get_space_available|496
prv_write_at_offset_from_end|496
memcpy|504
prv_write_at_offset_from_end|496
prv_event_storage_storage_append_data|472
memfault_unlock|472
prv_event_storage_storage_append_data|472
prv_add_to_result_buffer|456
prv_encode_unsigned_integer|432
prv_encode_event_key_string_pair|416
memfault_cbor_encode_string|432
strlen|432
memfault_cbor_encode_string|432
prv_encode_unsigned_integer|448
prv_add_to_result_buffer|472
prv_encoder_write_cb|476
prv_event_storage_storage_append_data|488
memfault_lock|488
prv_event_storage_storage_append_data|488
memfault_circular_buffer_write|488
prv_write_at_offset_from_end|512
prv_get_space_available|512
prv_write_at_offset_from_end|512
prv_get_space_available|512
prv_write_at_offset_from_end|512
memcpy|520
prv_write_at_offset_from_end|512
prv_event_storage_storage_append_data|488
memfault_unlock|488
prv_event_storage_storage_append_data|488
prv_add_to_result_buffer|472
prv_encode_unsigned_integer|448
memfault_cbor_encode_string|432
prv_add_to_result_buffer|456
prv_encoder_write_cb|460
prv_event_storage_storage_append_data|472
memfault_lock|472
prv_event_storage_storage_append_data|472
memfault_circular_buffer_write|472
prv_write_at_offset_from_end|496
prv_get_space_available|496
prv_write_at_offset_from_end|496
prv_get_space_available|496
prv_write_at_offset_from_end|496
memcpy|504
prv_write_at_offset_from_end|496
prv_event_storage_storage_append_data|472
memfault_unlock|472
prv_event_storage_storage_append_data|472
prv_add_to_result_buffer|456
memfault_cbor_encode_string|432
prv_encode_event_key_string_pair|416
prv_encode_device_version_info|400
prv_encode_event_key_string_pair|416
memfault_cbor_encode_unsigned_integer|416
prv_encode_unsigned_integer|432
prv_add_to_result_buffer|456
prv_encoder_write_cb|460
prv_event_storage_storage_append_data|472
memfault_lock|472
prv_event_storage_storage_append_data|472
memfault_circular_buffer_write|472
prv_write_at_offset_from_end|496
prv_get_space_available|496
prv_write_at_offset_from_end|496
prv_get_space_available|496
prv_write_at_offset_from_end|496
memcpy|504
prv_write_at_offset_from_end|496
prv_event_storage_storage_append_data|472
memfault_unlock|472
prv_event_storage_storage_append_data|472
prv_add_to_result_buffer|456
prv_encode_unsigned_integer|432
prv_encode_event_key_string_pair|416
memfault_cbor_encode_string|432
strlen|432
memfault_cbor_encode_string|432
prv_encode_unsigned_integer|448
prv_add_to_result_buffer|472
prv_encoder_write_cb|476
prv_event_storage_storage_append_data|488
memfault_lock|488
prv_event_storage_storage_append_data|488
memfault_circular_buffer_write|488
prv_write_at_offset_from_end|512
prv_get_space_available|512
prv_write_at_offset_from_end|512
prv_get_space_available|512
prv_write_at_offset_from_end|512
memcpy|520
prv_write_at_offset_from_end|512
prv_event_storage_storage_append_data|488
memfault_unlock|488
prv_event_storage_storage_append_data|488
prv_add_to_result_buffer|472
prv_encode_unsigned_integer|448
memfault_cbor_encode_string|432
prv_add_to_result_buffer|456
prv_encoder_write_cb|460
prv_event_storage_storage_append_data|472
memfault_lock|472
prv_event_storage_storage_append_data|472
memfault_circular_buffer_write|472
prv_write_at_offset_from_end|496
prv_get_space_available|496
prv_write_at_offset_from_end|496
prv_get_space_available|496
prv_write_at_offset_from_end|496
memcpy|504
prv_write_at_offset_from_end|496
prv_event_storage_storage_append_data|472
memfault_unlock|472
prv_event_storage_storage_append_data|472
prv_add_to_result_buffer|456
memfault_cbor_encode_string|432
prv_encode_event_key_string_pair|416
prv_encode_device_version_info|400
prv_encode_event_key_string_pair|416
memfault_cbor_encode_unsigned_integer|416
prv_encode_unsigned_integer|432
prv_add_to_result_buffer|456
prv_encoder_write_cb|460
prv_event_storage_storage_append_data|472
memfault_lock|472
prv_event_storage_storage_append_data|472
memfault_circular_buffer_write|472
prv_write_at_offset_from_end|496
prv_get_space_available|496
prv_write_at_offset_from_end|496
prv_get_space_available|496
prv_write_at_offset_from_end|496
memcpy|504
prv_write_at_offset_from_end|496
prv_event_storage_storage_append_data|472
memfault_unlock|472
prv_event_storage_storage_append_data|472
prv_add_to_result_buffer|456
prv_encode_unsigned_integer|432
prv_encode_event_key_string_pair|416
memfault_cbor_encode_string|432
strlen|432
memfault_cbor_encode_string|432
prv_encode_unsigned_integer|448
prv_add_to_result_buffer|472
prv_encoder_write_cb|476
prv_event_storage_storage_append_data|488
memfault_lock|488
prv_event_storage_storage_append_data|488
memfault_circular_buffer_write|488
prv_write_at_offset_from_end|512
prv_get_space_available|512
prv_write_at_offset_from_end|512
prv_get_space_available|512
prv_write_at_offset_from_end|512
memcpy|520
prv_write_at_offset_from_end|512
prv_event_storage_storage_append_data|488
memfault_unlock|488
prv_event_storage_storage_append_data|488
prv_add_to_result_buffer|472
prv_encode_unsigned_integer|448
memfault_cbor_encode_string|432
prv_add_to_result_buffer|456
prv_encoder_write_cb|460
prv_event_storage_storage_append_data|472
memfault_lock|472
prv_event_storage_storage_append_data|472
memfault_circular_buffer_write|472
prv_write_at_offset_from_end|496
prv_get_space_available|496
prv_write_at_offset_from_end|496
prv_get_space_available|496
prv_write_at_offset_from_end|496
memcpy|504
prv_write_at_offset_from_end|496
prv_event_storage_storage_append_data|472
memfault_unlock|472
prv_event_storage_storage_append_data|472
prv_add_to_result_buffer|456
memfault_cbor_encode_string|432
prv_encode_event_key_string_pair|416
prv_encode_device_version_info|400
prv_encode_event_key_string_pair|416
memfault_cbor_encode_unsigned_integer|416
prv_encode_unsigned_integer|432
prv_add_to_result_buffer|456
prv_encoder_write_cb|460
prv_event_storage_storage_append_data|472
memfault_lock|472
prv_event_storage_storage_append_data|472
memfault_circular_buffer_write|472
prv_write_at_offset_from_end|496
prv_get_space_available|496
prv_write_at_offset_from_end|496
prv_get_space_available|496
prv_write_at_offset_from_end|496
memcpy|504
prv_write_at_offset_from_end|496
prv_event_storage_storage_append_data|472
memfault_unlock|472
prv_event_storage_storage_append_data|472
prv_add_to_result_buffer|456
prv_encode_unsigned_integer|432
prv_encode_event_key_string_pair|416
memfault_cbor_encode_string|432
strlen|432
memfault_cbor_encode_string|432
prv_encode_unsigned_integer|448
prv_add_to_result_buffer|472
prv_encoder_write_cb|476
prv_event_storage_storage_append_data|488
memfault_lock|488
prv_event_storage_storage_append_data|488
memfault_circular_buffer_write|488
prv_write_at_offset_from_end|512
prv_get_space_available|512
prv_write_at_offset_from_end|512
prv_get_space_available|512
prv_write_at_offset_from_end|512
memcpy|520
prv_write_at_offset_from_end|512
prv_event_storage_storage_append_data|488
memfault_unlock|488
prv_event_storage_storage_append_data|488
prv_add_to_result_buffer|472
prv_encode_unsigned_integer|448
memfault_cbor_encode_string|432
prv_add_to_result_buffer|456
prv_encoder_write_cb|460
prv_event_storage_storage_append_data|472
memfault_lock|472
prv_event_storage_storage_append_data|472
memfault_circular_buffer_write|472
prv_write_at_offset_from_end|496
prv_get_space_available|496
prv_write_at_offset_from_end|496
prv_get_space_available|496
prv_write_at_offset_from_end|496
memcpy|504
prv_write_at_offset_from_end|496
prv_event_storage_storage_append_data|472
memfault_unlock|472
prv_event_storage_storage_append_data|472
prv_add_to_result_buffer|456
memfault_cbor_encode_string|432
prv_encode_event_key_string_pair|416
prv_encode_device_version_info|400
memfault_serializer_helper_encode_metadata_with_time|400
memfault_serializer_helper_encode_byte_string_kv_pair|416
memfault_cbor_encode_unsigned_integer|416
prv_encode_unsigned_integer|432
prv_add_to_result_buffer|456
prv_encoder_write_cb|460
prv_event_storage_storage_append_data|472
memfault_lock|472
prv_event_storage_storage_append_data|472
memfault_circular_buffer_write|472
prv_write_at_offset_from_end|496
prv_get_space_available|496
prv_write_at_offset_from_end|496
prv_get_space_available|496
prv_write_at_offset_from_end|496
memcpy|504
prv_write_at_offset_from_end|496
prv_event_storage_storage_append_data|472
memfault_unlock|472
prv_event_storage_storage_append_data|472
prv_add_to_result_buffer|456
prv_encode_unsigned_integer|432
memfault_serializer_helper_encode_byte_string_kv_pair|416
memfault_cbor_encode_byte_string|432
prv_encode_unsigned_integer|448
prv_add_to_result_buffer|472
prv_encoder_write_cb|476
prv_event_storage_storage_append_data|488
memfault_lock|488
prv_event_storage_storage_append_data|488
memfault_circular_buffer_write|488
prv_write_at_offset_from_end|512
prv_get_space_available|512
prv_write_at_offset_from_end|512
prv_get_space_available|512
prv_write_at_offset_from_end|512
memcpy|520
prv_write_at_offset_from_end|512
prv_event_storage_storage_append_data|488
memfault_unlock|488
prv_event_storage_storage_append_data|488
prv_add_to_result_buffer|472
prv_encode_unsigned_integer|448
memfault_cbor_encode_byte_string|432
prv_add_to_result_buffer|456
prv_encoder_write_cb|460
prv_event_storage_storage_append_data|472
memfault_lock|472
prv_event_storage_storage_append_data|472
memfault_circular_buffer_write|472
prv_write_at_offset_from_end|496
prv_get_space_available|496
prv_write_at_offset_from_end|496
prv_get_space_available|496
prv_write_at_offset_from_end|496
memcpy|504
prv_write_at_offset_from_end|496
prv_event_storage_storage_append_data|472
memfault_unlock|472
prv_event_storage_storage_append_data|472
prv_add_to_result_buffer|456
memfault_cbor_encode_byte_string|432
memfault_serializer_helper_encode_byte_string_kv_pair|416
memfault_serializer_helper_encode_metadata_with_time|400
memfault_serializer_helper_encode_metadata|336
memfault_serializer_helper_encode_trace_event|304
memfault_cbor_encode_unsigned_integer|304
prv_encode_unsigned_integer|320
prv_add_to_result_buffer|344
prv_encoder_write_cb|348
prv_event_storage_storage_append_data|360
memfault_lock|360
prv_event_storage_storage_append_data|360
memfault_circular_buffer_write|360
prv_write_at_offset_from_end|384
prv_get_space_available|384
prv_write_at_offset_from_end|384
prv_get_space_available|384
prv_write_at_offset_from_end|384
memcpy|392
prv_write_at_offset_from_end|384
prv_event_storage_storage_append_data|360
memfault_unlock|360
prv_event_storage_storage_append_data|360
prv_add_to_result_buffer|344
prv_encode_unsigned_integer|320
memfault_serializer_helper_encode_trace_event|304
memfault_cbor_encode_dictionary_begin|304
prv_encode_unsigned_integer|320
prv_add_to_result_buffer|344
prv_encoder_write_cb|348
prv_event_storage_storage_append_data|360
memfault_lock|360
prv_event_storage_storage_append_data|360
memfault_circular_buffer_write|360
prv_write_at_offset_from_end|384
prv_get_space_available|384
prv_write_at_offset_from_end|384
prv_get_space_available|384
prv_write_at_offset_from_end|384
memcpy|392
prv_write_at_offset_from_end|384
prv_event_storage_storage_append_data|360
memfault_unlock|360
prv_event_storage_storage_append_data|360
prv_add_to_result_buffer|344
prv_encode_unsigned_integer|320
memfault_serializer_helper_encode_trace_event|304
memfault_serializer_helper_encode_uint32_kv_pair|320
memfault_cbor_encode_unsigned_integer|320
prv_encode_unsigned_integer|336
prv_add_to_result_buffer|360
prv_encoder_write_cb|364
prv_event_storage_storage_append_data|376
memfault_lock|376
prv_event_storage_storage_append_data|376
memfault_circular_buffer_write|376
prv_write_at_offset_from_end|400
prv_get_space_available|400
prv_write_at_offset_from_end|400
prv_get_space_available|400
prv_write_at_offset_from_end|400
memcpy|408
prv_write_at_offset_from_end|400
prv_event_storage_storage_append_data|376
memfault_unlock|376
prv_event_storage_storage_append_data|376
prv_add_to_result_buffer|360
prv_encode_unsigned_integer|336
memfault_serializer_helper_encode_uint32_kv_pair|320
memfault_cbor_encode_unsigned_integer|320
prv_encode_unsigned_integer|336
prv_add_to_result_buffer|360
prv_encoder_write_cb|364
prv_event_storage_storage_append_data|376
memfault_lock|376
prv_event_storage_storage_append_data|376
memfault_circular_buffer_write|376
prv_write_at_offset_from_end|400
prv_get_space_available|400
prv_write_at_offset_from_end|400
prv_get_space_available|400
prv_write_at_offset_from_end|400
memcpy|408
prv_write_at_offset_from_end|400
prv_event_storage_storage_append_data|376
memfault_unlock|376
prv_event_storage_storage_append_data|376
prv_add_to_result_buffer|360
prv_encode_unsigned_integer|336
memfault_serializer_helper_encode_uint32_kv_pair|320
memfault_serializer_helper_encode_trace_event|304
memfault_serializer_helper_encode_uint32_kv_pair|296
memfault_cbor_encode_unsigned_integer|296
prv_encode_unsigned_integer|312
prv_add_to_result_buffer|336
prv_encoder_write_cb|340
prv_event_storage_storage_append_data|352
memfault_lock|352
prv_event_storage_storage_append_data|352
memfault_circular_buffer_write|352
prv_write_at_offset_from_end|376
prv_get_space_available|376
prv_write_at_offset_from_end|376
prv_get_space_available|376
prv_write_at_offset_from_end|376
memcpy|384
prv_write_at_offset_from_end|376
prv_event_storage_storage_append_data|352
memfault_unlock|352
prv_event_storage_storage_append_data|352
prv_add_to_result_buffer|336
prv_encode_unsigned_integer|312
memfault_serializer_helper_encode_uint32_kv_pair|296
memfault_cbor_encode_unsigned_integer|296
prv_encode_unsigned_integer|312
prv_add_to_result_buffer|336
prv_encoder_write_cb|340
prv_event_storage_storage_append_data|352
memfault_lock|352
prv_event_storage_storage_append_data|352
memfault_circular_buffer_write|352
prv_write_at_offset_from_end|376
prv_get_space_available|376
prv_write_at_offset_from_end|376
prv_get_space_available|376
prv_write_at_offset_from_end|376
memcpy|384
prv_write_at_offset_from_end|376
prv_event_storage_storage_append_data|352
memfault_unlock|352
prv_event_storage_storage_append_data|352
prv_add_to_result_buffer|336
prv_encode_unsigned_integer|312
memfault_serializer_helper_encode_uint32_kv_pair|296
prv_encode_cb|280
memfault_cbor_encode_unsigned_integer|280
prv_encode_unsigned_integer|296
prv_add_to_result_buffer|320
prv_encoder_write_cb|324
prv_event_storage_storage_append_data|336
memfault_lock|336
prv_event_storage_storage_append_data|336
memfault_circular_buffer_write|336
prv_write_at_offset_from_end|360
prv_get_space_available|360
prv_write_at_offset_from_end|360
prv_get_space_available|360
prv_write_at_offset_from_end|360
memcpy|368
prv_write_at_offset_from_end|360
prv_event_storage_storage_append_data|336
memfault_unlock|336
prv_event_storage_storage_append_data|336
prv_add_to_result_buffer|320
prv_encode_unsigned_integer|296
prv_encode_cb|280
memfault_cbor_join|280
prv_add_to_result_buffer|304
prv_encoder_write_cb|308
prv_event_storage_storage_append_data|320
memfault_lock|320
prv_event_storage_storage_append_data|320
memfault_circular_buffer_write|320
prv_write_at_offset_from_end|344
prv_get_space_available|344
prv_write_at_offset_from_end|344
prv_get_space_available|344
prv_write_at_offset_from_end|344
memcpy|352
prv_write_at_offset_from_end|344
prv_event_storage_storage_append_data|320
memfault_unlock|320
prv_event_storage_storage_append_data|320
prv_add_to_result_buffer|304
prv_encode_cb|280
memfault_serializer_helper_encode_to_storage|232
memfault_cbor_encoder_deinit|240
memset|240
memfault_cbor_encoder_deinit|240
memfault_serializer_helper_encode_to_storage|232
prv_event_storage_storage_finish_write|256
memfault_lock|256
prv_event_storage_storage_finish_write|256
memfault_circular_buffer_write_at_offset|256
prv_write_at_offset_from_end|280
prv_get_space_available|280
prv_write_at_offset_from_end|280
prv_get_space_available|280
prv_write_at_offset_from_end|280
memcpy|288
prv_write_at_offset_from_end|280
prv_event_storage_storage_finish_write|256
memfault_unlock|256
prv_event_storage_storage_finish_write|256
prv_invoke_request_persist_callback|256
memfault_lock|256
prv_invoke_request_persist_callback|256
memfault_circular_buffer_get_read_size|256
prv_invoke_request_persist_callback|256
memfault_circular_buffer_get_write_size|256
prv_get_space_available|256
memfault_circular_buffer_get_write_size|256
prv_invoke_request_persist_callback|256
memfault_unlock|256
prv_invoke_request_persist_callback|256
memfault_event_storage_request_persist_callback|256
prv_invoke_request_persist_callback|256
memfault_serializer_helper_encode_to_storage|232
prv_trace_event_capture|200
memfault_trace_event_with_compact_log_capture|168
main|0
